** Drc report for R-PCBA-VPEG-PWR.kicad_pcb **
** Created on 2026-03-10T15:03:13+0000 **

** Found 113 DRC violations **
[lib_footprint_mismatch]: Footprint 'R_0805_2012Metric' does not match copy in library 'Resistor_SMD'.
    ; warning
    @(212.6625 mm, 154.6 mm): Footprint R3
[lib_footprint_mismatch]: Footprint 'R_0805_2012Metric' does not match copy in library 'Resistor_SMD'.
    ; warning
    @(337.45 mm, 152.4125 mm): Footprint R72
[lib_footprint_mismatch]: Footprint 'R_0805_2012Metric' does not match copy in library 'Resistor_SMD'.
    ; warning
    @(262.5 mm, 152.2875 mm): Footprint R69
[lib_footprint_mismatch]: Footprint 'R_0805_2012Metric' does not match copy in library 'Resistor_SMD'.
    ; warning
    @(406.25 mm, 244.4 mm): Footprint R24
[lib_footprint_mismatch]: Footprint 'SOT-23' does not match copy in library 'Package_TO_SOT_SMD'.
    ; warning
    @(337.45 mm, 149.1625 mm): Footprint Q14
[lib_footprint_mismatch]: Footprint 'R_0805_2012Metric' does not match copy in library 'Resistor_SMD'.
    ; warning
    @(295.405 mm, 252.4 mm): Footprint R43
[lib_footprint_mismatch]: Footprint 'SOT-23' does not match copy in library 'Package_TO_SOT_SMD'.
    ; warning
    @(287.45 mm, 149.1625 mm): Footprint Q16
[lib_footprint_mismatch]: Footprint 'R_0805_2012Metric' does not match copy in library 'Resistor_SMD'.
    ; warning
    @(187.5 mm, 152.35 mm): Footprint R66
[lib_footprint_mismatch]: Footprint 'PinHeader_1x08_P2.54mm_Vertical' does not match copy in library 'Connector_PinHeader_2.54mm'.
    ; warning
    @(388.465 mm, 232.335 mm): Footprint J3
[lib_footprint_mismatch]: Footprint 'R_0805_2012Metric' does not match copy in library 'Resistor_SMD'.
    ; warning
    @(262.5 mm, 154.5375 mm): Footprint R1
[lib_footprint_mismatch]: Footprint 'R_0805_2012Metric' does not match copy in library 'Resistor_SMD'.
    ; warning
    @(389.25 mm, 244.4 mm): Footprint R16
[lib_footprint_mismatch]: Footprint 'C_1206_3216Metric' does not match copy in library 'Capacitor_SMD'.
    ; warning
    @(254.0 mm, 222.9 mm): Footprint C4
[lib_footprint_mismatch]: Footprint 'R_0805_2012Metric' does not match copy in library 'Resistor_SMD'.
    ; warning
    @(304.75 mm, 213.4 mm): Footprint R82
[lib_footprint_mismatch]: Footprint 'R_0805_2012Metric' does not match copy in library 'Resistor_SMD'.
    ; warning
    @(343.75 mm, 213.4 mm): Footprint R76
[lib_footprint_mismatch]: Footprint 'R_0805_2012Metric' does not match copy in library 'Resistor_SMD'.
    ; warning
    @(237.5875 mm, 154.6 mm): Footprint R2
[lib_footprint_mismatch]: Footprint 'R_0805_2012Metric' does not match copy in library 'Resistor_SMD'.
    ; warning
    @(402.0 mm, 244.4 mm): Footprint R21
[lib_footprint_mismatch]: Footprint 'R_0805_2012Metric' does not match copy in library 'Resistor_SMD'.
    ; warning
    @(237.5 mm, 245.4 mm): Footprint R36
[lib_footprint_mismatch]: Footprint 'R_0805_2012Metric' does not match copy in library 'Resistor_SMD'.
    ; warning
    @(296.405 mm, 247.75 mm): Footprint R56
[lib_footprint_mismatch]: Footprint 'SOT-23' does not match copy in library 'Package_TO_SOT_SMD'.
    ; warning
    @(262.5 mm, 149.0375 mm): Footprint Q10
[lib_footprint_mismatch]: Footprint 'R_0805_2012Metric' does not match copy in library 'Resistor_SMD'.
    ; warning
    @(231.5 mm, 245.4 mm): Footprint R34
[lib_footprint_mismatch]: Footprint 'R_0805_2012Metric' does not match copy in library 'Resistor_SMD'.
    ; warning
    @(387.75 mm, 154.5375 mm): Footprint R6
[lib_footprint_mismatch]: Footprint 'R_0805_2012Metric' does not match copy in library 'Resistor_SMD'.
    ; warning
    @(378.75 mm, 244.4 mm): Footprint R11
[lib_footprint_mismatch]: Footprint 'SOT-23' does not match copy in library 'Package_TO_SOT_SMD'.
    ; warning
    @(212.6625 mm, 149.1 mm): Footprint Q11
[lib_footprint_mismatch]: Footprint 'R_0805_2012Metric' does not match copy in library 'Resistor_SMD'.
    ; warning
    @(395.75 mm, 244.4 mm): Footprint R19
[lib_footprint_mismatch]: Footprint 'R_0805_2012Metric' does not match copy in library 'Resistor_SMD'.
    ; warning
    @(287.45 mm, 152.4125 mm): Footprint R70
[lib_footprint_mismatch]: Footprint 'SOT-23' does not match copy in library 'Package_TO_SOT_SMD'.
    ; warning
    @(387.75 mm, 149.0375 mm): Footprint Q24
[lib_footprint_mismatch]: Footprint 'PinHeader_1x10_P2.54mm_Vertical' does not match copy in library 'Connector_PinHeader_2.54mm'.
    ; warning
    @(443.329 mm, 184.075 mm): Footprint J6
[lib_footprint_mismatch]: Footprint 'R_0805_2012Metric' does not match copy in library 'Resistor_SMD'.
    ; warning
    @(311.25 mm, 213.4 mm): Footprint R81
[lib_footprint_mismatch]: Footprint 'R_0805_2012Metric' does not match copy in library 'Resistor_SMD'.
    ; warning
    @(281.655 mm, 252.4 mm): Footprint R44
[lib_footprint_mismatch]: Footprint 'R_0805_2012Metric' does not match copy in library 'Resistor_SMD'.
    ; warning
    @(288.555 mm, 252.4 mm): Footprint R42
[lib_footprint_mismatch]: Footprint 'R_0805_2012Metric' does not match copy in library 'Resistor_SMD'.
    ; warning
    @(317.75 mm, 213.4 mm): Footprint R80
[lib_footprint_mismatch]: Footprint 'R_0805_2012Metric' does not match copy in library 'Resistor_SMD'.
    ; warning
    @(404.25 mm, 244.4 mm): Footprint R23
[lib_footprint_mismatch]: Footprint 'R_0805_2012Metric' does not match copy in library 'Resistor_SMD'.
    ; warning
    @(337.45 mm, 154.6625 mm): Footprint R8
[lib_footprint_mismatch]: Footprint 'R_0805_2012Metric' does not match copy in library 'Resistor_SMD'.
    ; warning
    @(408.5 mm, 244.4 mm): Footprint R26
[lib_footprint_mismatch]: Footprint 'R_0805_2012Metric' does not match copy in library 'Resistor_SMD'.
    ; warning
    @(383.0 mm, 244.4 mm): Footprint R13
[lib_footprint_mismatch]: Footprint 'PinHeader_1x08_P2.54mm_Vertical' does not match copy in library 'Connector_PinHeader_2.54mm'.
    ; warning
    @(411.325 mm, 232.335 mm): Footprint J2
[lib_footprint_mismatch]: Footprint 'R_0805_2012Metric' does not match copy in library 'Resistor_SMD'.
    ; warning
    @(187.5 mm, 154.6 mm): Footprint R4
[lib_footprint_mismatch]: Footprint 'R_0805_2012Metric' does not match copy in library 'Resistor_SMD'.
    ; warning
    @(414.75 mm, 244.4 mm): Footprint R28
[lib_footprint_mismatch]: Footprint 'R_0805_2012Metric' does not match copy in library 'Resistor_SMD'.
    ; warning
    @(412.75 mm, 244.4 mm): Footprint R27
[lib_footprint_mismatch]: Footprint 'R_0805_2012Metric' does not match copy in library 'Resistor_SMD'.
    ; warning
    @(417.0 mm, 244.4 mm): Footprint R30
[lib_footprint_mismatch]: Footprint 'R_0805_2012Metric' does not match copy in library 'Resistor_SMD'.
    ; warning
    @(387.25 mm, 244.4 mm): Footprint R15
[lib_footprint_mismatch]: Footprint 'C_1206_3216Metric' does not match copy in library 'Capacitor_SMD'.
    ; warning
    @(240.5 mm, 219.375 mm): Footprint C7
[lib_footprint_mismatch]: Footprint 'C_1206_3216Metric' does not match copy in library 'Capacitor_SMD'.
    ; warning
    @(247.775 mm, 228.15 mm): Footprint C6
[lib_footprint_mismatch]: Footprint 'R_0805_2012Metric' does not match copy in library 'Resistor_SMD'.
    ; warning
    @(362.0875 mm, 152.35 mm): Footprint R73
[lib_footprint_mismatch]: Footprint 'R_0805_2012Metric' does not match copy in library 'Resistor_SMD'.
    ; warning
    @(289.655 mm, 247.75 mm): Footprint R57
[lib_footprint_mismatch]: Footprint 'R_0805_2012Metric' does not match copy in library 'Resistor_SMD'.
    ; warning
    @(362.0875 mm, 154.6 mm): Footprint R7
[lib_footprint_mismatch]: Footprint 'R_0805_2012Metric' does not match copy in library 'Resistor_SMD'.
    ; warning
    @(400.0 mm, 244.4 mm): Footprint R22
[lib_footprint_mismatch]: Footprint 'R_0805_2012Metric' does not match copy in library 'Resistor_SMD'.
    ; warning
    @(187.68 mm, 243.65 mm): Footprint R41
[lib_footprint_mismatch]: Footprint 'C_1206_3216Metric' does not match copy in library 'Capacitor_SMD'.
    ; warning
    @(243.0 mm, 228.15 mm): Footprint C5
[lib_footprint_mismatch]: Footprint 'PinHeader_1x08_P2.54mm_Vertical' does not match copy in library 'Connector_PinHeader_2.54mm'.
    ; warning
    @(434.185 mm, 232.335 mm): Footprint J1
[lib_footprint_mismatch]: Footprint 'R_0805_2012Metric' does not match copy in library 'Resistor_SMD'.
    ; warning
    @(385.0 mm, 244.4 mm): Footprint R14
[lib_footprint_mismatch]: Footprint 'SOT-23' does not match copy in library 'Package_TO_SOT_SMD'.
    ; warning
    @(237.5875 mm, 149.1 mm): Footprint Q9
[lib_footprint_mismatch]: Footprint 'R_0805_2012Metric' does not match copy in library 'Resistor_SMD'.
    ; warning
    @(337.25 mm, 213.4 mm): Footprint R77
[lib_footprint_mismatch]: Footprint 'R_0805_2012Metric' does not match copy in library 'Resistor_SMD'.
    ; warning
    @(298.25 mm, 213.4 mm): Footprint R83
[lib_footprint_mismatch]: Footprint 'R_0805_2012Metric' does not match copy in library 'Resistor_SMD'.
    ; warning
    @(324.25 mm, 213.4 mm): Footprint R79
[lib_footprint_mismatch]: Footprint 'R_0805_2012Metric' does not match copy in library 'Resistor_SMD'.
    ; warning
    @(312.5 mm, 154.6 mm): Footprint R9
[lib_footprint_mismatch]: Footprint 'R_0805_2012Metric' does not match copy in library 'Resistor_SMD'.
    ; warning
    @(239.9 mm, 245.4 mm): Footprint R35
[lib_footprint_mismatch]: Footprint 'R_0805_2012Metric' does not match copy in library 'Resistor_SMD'.
    ; warning
    @(228.5 mm, 245.3125 mm): Footprint R38
[lib_footprint_mismatch]: Footprint 'R_0805_2012Metric' does not match copy in library 'Resistor_SMD'.
    ; warning
    @(212.6625 mm, 152.35 mm): Footprint R67
[lib_footprint_mismatch]: Footprint 'DSUB-26-HD_Socket_Horizontal_P2.29x2.54mm_EdgePinOffset8.35mm_Housed_MountingHolesOffset10.89mm' does not match copy in library 'Connector_Dsub'.
    ; warning
    @(349.875 mm, 256.86 mm): Footprint J10
[lib_footprint_mismatch]: Footprint 'SOT-23' does not match copy in library 'Package_TO_SOT_SMD'.
    ; warning
    @(187.5 mm, 149.1 mm): Footprint Q12
[lib_footprint_mismatch]: Footprint 'R_0805_2012Metric' does not match copy in library 'Resistor_SMD'.
    ; warning
    @(285.25 mm, 213.4 mm): Footprint R84
[lib_footprint_mismatch]: Footprint 'SOT-23' does not match copy in library 'Package_TO_SOT_SMD'.
    ; warning
    @(284.655 mm, 252.4 mm): Footprint Q22
[lib_footprint_mismatch]: Footprint 'R_0805_2012Metric' does not match copy in library 'Resistor_SMD'.
    ; warning
    @(387.75 mm, 152.2875 mm): Footprint R74
[lib_footprint_mismatch]: Footprint 'C_1206_3216Metric' does not match copy in library 'Capacitor_SMD'.
    ; warning
    @(240.5 mm, 224.375 mm): Footprint C3
[lib_footprint_mismatch]: Footprint 'R_0805_2012Metric' does not match copy in library 'Resistor_SMD'.
    ; warning
    @(234.5 mm, 245.4 mm): Footprint R33
[lib_footprint_mismatch]: Footprint 'PinHeader_1x08_P2.54mm_Vertical' does not match copy in library 'Connector_PinHeader_2.54mm'.
    ; warning
    @(393.545 mm, 184.075 mm): Footprint J8
[lib_footprint_mismatch]: Footprint 'SOT-23' does not match copy in library 'Package_TO_SOT_SMD'.
    ; warning
    @(412.7 mm, 149.1625 mm): Footprint Q23
[lib_footprint_mismatch]: Footprint 'PinHeader_1x03_P2.54mm_Vertical' does not match copy in library 'Connector_PinHeader_2.54mm'.
    ; warning
    @(453.5 mm, 249.65 mm): Footprint JP2
[lib_footprint_mismatch]: Footprint 'R_0805_2012Metric' does not match copy in library 'Resistor_SMD'.
    ; warning
    @(291.75 mm, 213.4 mm): Footprint R85
[lib_footprint_mismatch]: Footprint 'R_0805_2012Metric' does not match copy in library 'Resistor_SMD'.
    ; warning
    @(397.75 mm, 244.4 mm): Footprint R20
[lib_footprint_mismatch]: Footprint 'R_0805_2012Metric' does not match copy in library 'Resistor_SMD'.
    ; warning
    @(287.45 mm, 154.6625 mm): Footprint R10
[lib_footprint_mismatch]: Footprint 'R_0805_2012Metric' does not match copy in library 'Resistor_SMD'.
    ; warning
    @(250.0 mm, 245.4 mm): Footprint R40
[lib_footprint_mismatch]: Footprint 'R_0805_2012Metric' does not match copy in library 'Resistor_SMD'.
    ; warning
    @(419.0 mm, 244.4 mm): Footprint R29
[lib_footprint_mismatch]: Footprint 'R_0805_2012Metric' does not match copy in library 'Resistor_SMD'.
    ; warning
    @(237.5875 mm, 152.35 mm): Footprint R68
[lib_footprint_mismatch]: Footprint 'R_0805_2012Metric' does not match copy in library 'Resistor_SMD'.
    ; warning
    @(412.7 mm, 152.4125 mm): Footprint R75
[lib_footprint_mismatch]: Footprint 'PinHeader_1x06_P2.54mm_Vertical' does not match copy in library 'Connector_PinHeader_2.54mm'.
    ; warning
    @(388.65 mm, 175.6 mm): Footprint J9
[lib_footprint_mismatch]: Footprint 'SOT-23' does not match copy in library 'Package_TO_SOT_SMD'.
    ; warning
    @(291.555 mm, 252.4 mm): Footprint Q13
[lib_footprint_mismatch]: Footprint 'PinHeader_2x18_P2.54mm_Vertical' does not match copy in library 'Connector_PinHeader_2.54mm'.
    ; warning
    @(368.145 mm, 227.255 mm): Footprint J4
[lib_footprint_mismatch]: Footprint 'R_0805_2012Metric' does not match copy in library 'Resistor_SMD'.
    ; warning
    @(393.5 mm, 244.4 mm): Footprint R17
[lib_footprint_mismatch]: Footprint 'SOT-23' does not match copy in library 'Package_TO_SOT_SMD'.
    ; warning
    @(362.0875 mm, 149.1 mm): Footprint Q15
[lib_footprint_mismatch]: Footprint 'SOT-23' does not match copy in library 'Package_TO_SOT_SMD'.
    ; warning
    @(312.5 mm, 149.1 mm): Footprint Q17
[lib_footprint_mismatch]: Footprint 'R_0805_2012Metric' does not match copy in library 'Resistor_SMD'.
    ; warning
    @(282.655 mm, 247.75 mm): Footprint R62
[lib_footprint_mismatch]: Footprint 'R_0805_2012Metric' does not match copy in library 'Resistor_SMD'.
    ; warning
    @(391.5 mm, 244.4 mm): Footprint R18
[lib_footprint_mismatch]: Footprint 'R_0805_2012Metric' does not match copy in library 'Resistor_SMD'.
    ; warning
    @(412.7 mm, 154.6625 mm): Footprint R5
[lib_footprint_mismatch]: Footprint 'R_0805_2012Metric' does not match copy in library 'Resistor_SMD'.
    ; warning
    @(312.5 mm, 152.35 mm): Footprint R71
[lib_footprint_mismatch]: Footprint 'PinHeader_1x08_P2.54mm_Vertical' does not match copy in library 'Connector_PinHeader_2.54mm'.
    ; warning
    @(416.405 mm, 184.075 mm): Footprint J7
[lib_footprint_mismatch]: Footprint 'R_0805_2012Metric' does not match copy in library 'Resistor_SMD'.
    ; warning
    @(187.68 mm, 239.7375 mm): Footprint R65
[lib_footprint_mismatch]: Footprint 'R_0805_2012Metric' does not match copy in library 'Resistor_SMD'.
    ; warning
    @(330.75 mm, 213.4 mm): Footprint R78
[lib_footprint_mismatch]: Footprint 'R_0805_2012Metric' does not match copy in library 'Resistor_SMD'.
    ; warning
    @(410.5 mm, 244.4 mm): Footprint R25
[lib_footprint_mismatch]: Footprint 'R_0805_2012Metric' does not match copy in library 'Resistor_SMD'.
    ; warning
    @(380.75 mm, 244.4 mm): Footprint R12
[lib_footprint_mismatch]: Footprint 'R_0805_2012Metric' does not match copy in library 'Resistor_SMD'.
    ; warning
    @(247.5 mm, 245.4 mm): Footprint R39
[lib_footprint_mismatch]: Footprint 'SOT-23' does not match copy in library 'Package_TO_SOT_SMD'.
    ; warning
    @(298.405 mm, 252.4 mm): Footprint Q4
[lib_footprint_mismatch]: Footprint 'C_0603_1608Metric' does not match copy in library 'Capacitor_SMD'.
    ; warning
    @(331.0 mm, 213.63 mm): Footprint C37
[lib_footprint_mismatch]: Footprint 'SOT-23' does not match copy in library 'Package_TO_SOT_SMD'.
    ; warning
    @(339.0 mm, 216.63 mm): Footprint Q31
[lib_footprint_mismatch]: Footprint 'R_0805_2012Metric' does not match copy in library 'Resistor_SMD'.
    ; warning
    @(332.0 mm, 221.9 mm): Footprint R119
[lib_footprint_mismatch]: Footprint 'C_0603_1608Metric' does not match copy in library 'Capacitor_SMD'.
    ; warning
    @(277.5 mm, 216.4 mm): Footprint C34
[lib_footprint_mismatch]: Footprint 'R_0805_2012Metric' does not match copy in library 'Resistor_SMD'.
    ; warning
    @(331.0 mm, 211.63 mm): Footprint R118
[lib_footprint_mismatch]: Footprint 'C_0603_1608Metric' does not match copy in library 'Capacitor_SMD'.
    ; warning
    @(339.0 mm, 213.63 mm): Footprint C36
[lib_footprint_mismatch]: Footprint 'R_0805_2012Metric' does not match copy in library 'Resistor_SMD'.
    ; warning
    @(278.5 mm, 222.65 mm): Footprint R109
[lib_footprint_mismatch]: Footprint 'R_0805_2012Metric' does not match copy in library 'Resistor_SMD'.
    ; warning
    @(339.0 mm, 211.63 mm): Footprint R115
[lib_footprint_mismatch]: Footprint 'R_0805_2012Metric' does not match copy in library 'Resistor_SMD'.
    ; warning
    @(277.5 mm, 214.4 mm): Footprint R111
[lib_footprint_mismatch]: Footprint 'R_0805_2012Metric' does not match copy in library 'Resistor_SMD'.
    ; warning
    @(286.75 mm, 222.65 mm): Footprint R114
[lib_footprint_mismatch]: Footprint 'R_0805_2012Metric' does not match copy in library 'Resistor_SMD'.
    ; warning
    @(340.0 mm, 219.88 mm): Footprint R116
[lib_footprint_mismatch]: Footprint 'R_0805_2012Metric' does not match copy in library 'Resistor_SMD'.
    ; warning
    @(340.0 mm, 221.88 mm): Footprint R117
[lib_footprint_mismatch]: Footprint 'R_0805_2012Metric' does not match copy in library 'Resistor_SMD'.
    ; warning
    @(278.5 mm, 224.65 mm): Footprint R110
[lib_footprint_mismatch]: Footprint 'R_0805_2012Metric' does not match copy in library 'Resistor_SMD'.
    ; warning
    @(286.0 mm, 214.4 mm): Footprint R112
[lib_footprint_mismatch]: Footprint 'R_0805_2012Metric' does not match copy in library 'Resistor_SMD'.
    ; warning
    @(286.75 mm, 224.65 mm): Footprint R113
[lib_footprint_mismatch]: Footprint 'SOT-23' does not match copy in library 'Package_TO_SOT_SMD'.
    ; warning
    @(285.75 mm, 219.4 mm): Footprint Q29
[lib_footprint_mismatch]: Footprint 'C_0603_1608Metric' does not match copy in library 'Capacitor_SMD'.
    ; warning
    @(286.0 mm, 216.4 mm): Footprint C35
[lib_footprint_mismatch]: Footprint 'R_0805_2012Metric' does not match copy in library 'Resistor_SMD'.
    ; warning
    @(332.0 mm, 219.88 mm): Footprint R120
[lib_footprint_mismatch]: Footprint 'SOT-23' does not match copy in library 'Package_TO_SOT_SMD'.
    ; warning
    @(331.0 mm, 216.63 mm): Footprint Q33
[lib_footprint_mismatch]: Footprint 'SOT-23' does not match copy in library 'Package_TO_SOT_SMD'.
    ; warning
    @(277.5 mm, 219.4 mm): Footprint Q28

** Found 0 unconnected pads **

** Found 12 Footprint errors **
[net_conflict]: No pad found for pin MP in schematic.
    ; warning
    @(164.5 mm, 266.4 mm): Footprint H1
[net_conflict]: No pad found for pin MP in schematic.
    ; warning
    @(476.5 mm, 266.4 mm): Footprint H2
[net_conflict]: No pad found for pin MP in schematic.
    ; warning
    @(164.5 mm, 124.4 mm): Footprint H3
[net_conflict]: No pad found for pin MP in schematic.
    ; warning
    @(476.5 mm, 124.4 mm): Footprint H4
[net_conflict]: No pad found for pin MP in schematic.
    ; warning
    @(164.5 mm, 195.4 mm): Footprint H5
[net_conflict]: No pad found for pin MP in schematic.
    ; warning
    @(268.5 mm, 266.4 mm): Footprint H6
[net_conflict]: No pad found for pin MP in schematic.
    ; warning
    @(372.5 mm, 266.4 mm): Footprint H7
[net_conflict]: No pad found for pin MP in schematic.
    ; warning
    @(476.5 mm, 195.4 mm): Footprint H8
[net_conflict]: No pad found for pin MP in schematic.
    ; warning
    @(391.5 mm, 124.4 mm): Footprint H9
[net_conflict]: No pad found for pin MP in schematic.
    ; warning
    @(316.5 mm, 124.4 mm): Footprint H10
[net_conflict]: No pad found for pin MP in schematic.
    ; warning
    @(241.5 mm, 124.4 mm): Footprint H11
[net_conflict]: No pad found for pin 0 in schematic.
    ; warning
    @(469.0 mm, 157.9 mm): Footprint J12

** End of Report **
